<?xml version="1.0" encoding="UTF-8"?>
<testsuites name="LoginTest1" time="20" tests="2" failures="0" errors="0">
   <testsuite name="LoginTest1" tests="2" failures="0" errors="0" time="20" timestamp="2018-09-04 07:41:27" hostname="narot - LAPTOP-A054LH39" id="Test Suites/LoginTest1">
      <properties>
         <property name="deviceName" value=""/>
         <property name="devicePlatform" value=""/>
         <property name="logFolder" value="C:\\Users\\narot\\Katalon Studio\\katalan_demo\\Reports\\LoginTest1\\20180904_074125"/>
         <property name="logFiles" value="C:\\Users\\narot\\Katalon Studio\\katalan_demo\\Reports\\LoginTest1\\20180904_074125\\execution0.log"/>
         <property name="attachments" value=""/>
         <property name="hostName" value="narot - LAPTOP-A054LH39"/>
         <property name="os" value="Windows 10 64bit"/>
         <property name="katalonVersion" value="5.6.0.1"/>
         <property name="browser" value="Chrome 68.0.3440.106"/>
         <property name="hostAddress" value="192.168.0.102"/>
         <property name="sessionId" value="f98d6e99ee9c9048c582c744e17ac0b1"/>
         <property name="seleniumVersion" value="3.7.1"/>
         <property name="proxyInformation" value="ProxyInformation{proxyOption=NO_PROXY, proxyServerType=HTTP, password=, proxyServerAddress=, proxyServerPort=0}"/>
         <property name="platform" value="Windows 10"/>
      </properties>
      <testcase name="Test Cases/LoginTest" classname="Test Cases/LoginTest" status="PASSED">
         <system-out><![CDATA[2018-09-04 07:41:27 - [TEST_CASE][PASSED] - Test Cases/LoginTest: Test Cases/LoginTest

2018-09-04 07:41:27 - [TEST_STEP][PASSED] - openBrowser: Browser is opened with url: ''

2018-09-04 07:41:31 - [MESSAGE][PASSED] - Browser is opened with url: ''

2018-09-04 07:41:31 - [TEST_STEP][PASSED] - navigateToUrl: Navigate to 'http://www.nlbootcamps.com/' successfully

2018-09-04 07:41:33 - [MESSAGE][PASSED] - Navigate to 'http://www.nlbootcamps.com/' successfully

2018-09-04 07:41:33 - [TEST_STEP][PASSED] - verifyEqual: Actual object 'NLBC' and expected object 'NLBC' are equal

2018-09-04 07:41:33 - [MESSAGE][PASSED] - Current window's title is: 'NLBC'

2018-09-04 07:41:33 - [MESSAGE][PASSED] - Actual object 'NLBC' and expected object 'NLBC' are equal

2018-09-04 07:41:33 - [TEST_STEP][PASSED] - waitForElementClickable: Object 'Object Repository/LoginPage/login_menu' is clickable

2018-09-04 07:41:33 - [MESSAGE][PASSED] - Object 'Object Repository/LoginPage/login_menu' is clickable

2018-09-04 07:41:33 - [TEST_STEP][PASSED] - verifyElementPresent: Object 'Object Repository/LoginPage/login_menu' is present

2018-09-04 07:41:33 - [MESSAGE][PASSED] - Object 'Object Repository/LoginPage/login_menu' is present

2018-09-04 07:41:33 - [TEST_STEP][PASSED] - verifyElementVisible: Object 'Object Repository/LoginPage/login_menu' is visible

2018-09-04 07:41:33 - [MESSAGE][PASSED] - Object 'Object Repository/LoginPage/login_menu' is visible

2018-09-04 07:41:33 - [TEST_STEP][PASSED] - click: Object: 'Object Repository/LoginPage/login_menu' is clicked on

2018-09-04 07:41:33 - [MESSAGE][PASSED] - Object: 'Object Repository/LoginPage/login_menu' is clicked on

2018-09-04 07:41:33 - [TEST_STEP][PASSED] - waitForElementVisible: Object 'Object Repository/LoginPage/login_page_header' is visible

2018-09-04 07:41:34 - [MESSAGE][PASSED] - Object 'Object Repository/LoginPage/login_page_header' is visible

2018-09-04 07:41:34 - [TEST_STEP][PASSED] - verifyElementText: Actual text and expected text of test object 'Object Repository/LoginPage/login_page_header' are matched.

2018-09-04 07:41:34 - [MESSAGE][PASSED] - Actual text and expected text of test object 'Object Repository/LoginPage/login_page_header' are matched.

2018-09-04 07:41:34 - [TEST_STEP][PASSED] - waitForElementVisible: Object 'Object Repository/LoginPage/input_username' is visible

2018-09-04 07:41:34 - [MESSAGE][PASSED] - Object 'Object Repository/LoginPage/input_username' is visible

2018-09-04 07:41:34 - [TEST_STEP][PASSED] - setText: Text 'test' is set on object 'Object Repository/LoginPage/input_username'

2018-09-04 07:41:34 - [MESSAGE][PASSED] - Text 'test' is set on object 'Object Repository/LoginPage/input_username'

2018-09-04 07:41:34 - [TEST_STEP][PASSED] - waitForElementVisible: Object 'Object Repository/LoginPage/input_password' is visible

2018-09-04 07:41:34 - [MESSAGE][PASSED] - Object 'Object Repository/LoginPage/input_password' is visible

2018-09-04 07:41:34 - [TEST_STEP][PASSED] - setText: Text 'testp' is set on object 'Object Repository/LoginPage/input_password'

2018-09-04 07:41:35 - [MESSAGE][PASSED] - Text 'testp' is set on object 'Object Repository/LoginPage/input_password'

2018-09-04 07:41:35 - [TEST_STEP][PASSED] - waitForElementClickable: Object 'Object Repository/LoginPage/input_btn submit-btn' is clickable

2018-09-04 07:41:35 - [MESSAGE][PASSED] - Object 'Object Repository/LoginPage/input_btn submit-btn' is clickable

2018-09-04 07:41:35 - [TEST_STEP][PASSED] - click: Object: 'Object Repository/LoginPage/input_btn submit-btn' is clicked on

2018-09-04 07:41:38 - [MESSAGE][PASSED] - Object: 'Object Repository/LoginPage/input_btn submit-btn' is clicked on

2018-09-04 07:41:38 - [TEST_STEP][PASSED] - closeBrowser: Browser is closed

2018-09-04 07:41:38 - [MESSAGE][PASSED] - Browser is closed]]></system-out>
         <system-err><![CDATA[]]></system-err>
      </testcase>
      <testcase name="Test Cases/LoginTest" classname="Test Cases/LoginTest" status="PASSED">
         <system-out><![CDATA[2018-09-04 07:41:38 - [TEST_CASE][PASSED] - Test Cases/LoginTest: Test Cases/LoginTest

2018-09-04 07:41:38 - [TEST_STEP][PASSED] - openBrowser: Browser is opened with url: ''

2018-09-04 07:41:40 - [MESSAGE][PASSED] - Browser is opened with url: ''

2018-09-04 07:41:40 - [TEST_STEP][PASSED] - navigateToUrl: Navigate to 'http://www.nlbootcamps.com/' successfully

2018-09-04 07:41:42 - [MESSAGE][PASSED] - Navigate to 'http://www.nlbootcamps.com/' successfully

2018-09-04 07:41:42 - [TEST_STEP][PASSED] - verifyEqual: Actual object 'NLBC' and expected object 'NLBC' are equal

2018-09-04 07:41:42 - [MESSAGE][PASSED] - Current window's title is: 'NLBC'

2018-09-04 07:41:42 - [MESSAGE][PASSED] - Actual object 'NLBC' and expected object 'NLBC' are equal

2018-09-04 07:41:42 - [TEST_STEP][PASSED] - waitForElementClickable: Object 'Object Repository/LoginPage/login_menu' is clickable

2018-09-04 07:41:42 - [MESSAGE][PASSED] - Object 'Object Repository/LoginPage/login_menu' is clickable

2018-09-04 07:41:42 - [TEST_STEP][PASSED] - verifyElementPresent: Object 'Object Repository/LoginPage/login_menu' is present

2018-09-04 07:41:42 - [MESSAGE][PASSED] - Object 'Object Repository/LoginPage/login_menu' is present

2018-09-04 07:41:42 - [TEST_STEP][PASSED] - verifyElementVisible: Object 'Object Repository/LoginPage/login_menu' is visible

2018-09-04 07:41:42 - [MESSAGE][PASSED] - Object 'Object Repository/LoginPage/login_menu' is visible

2018-09-04 07:41:42 - [TEST_STEP][PASSED] - click: Object: 'Object Repository/LoginPage/login_menu' is clicked on

2018-09-04 07:41:42 - [MESSAGE][PASSED] - Object: 'Object Repository/LoginPage/login_menu' is clicked on

2018-09-04 07:41:42 - [TEST_STEP][PASSED] - waitForElementVisible: Object 'Object Repository/LoginPage/login_page_header' is visible

2018-09-04 07:41:43 - [MESSAGE][PASSED] - Object 'Object Repository/LoginPage/login_page_header' is visible

2018-09-04 07:41:43 - [TEST_STEP][PASSED] - verifyElementText: Actual text and expected text of test object 'Object Repository/LoginPage/login_page_header' are matched.

2018-09-04 07:41:43 - [MESSAGE][PASSED] - Actual text and expected text of test object 'Object Repository/LoginPage/login_page_header' are matched.

2018-09-04 07:41:43 - [TEST_STEP][PASSED] - waitForElementVisible: Object 'Object Repository/LoginPage/input_username' is visible

2018-09-04 07:41:43 - [MESSAGE][PASSED] - Object 'Object Repository/LoginPage/input_username' is visible

2018-09-04 07:41:43 - [TEST_STEP][PASSED] - setText: Text 'testu' is set on object 'Object Repository/LoginPage/input_username'

2018-09-04 07:41:43 - [MESSAGE][PASSED] - Text 'testu' is set on object 'Object Repository/LoginPage/input_username'

2018-09-04 07:41:43 - [TEST_STEP][PASSED] - waitForElementVisible: Object 'Object Repository/LoginPage/input_password' is visible

2018-09-04 07:41:43 - [MESSAGE][PASSED] - Object 'Object Repository/LoginPage/input_password' is visible

2018-09-04 07:41:43 - [TEST_STEP][PASSED] - setText: Text 'testp2' is set on object 'Object Repository/LoginPage/input_password'

2018-09-04 07:41:43 - [MESSAGE][PASSED] - Text 'testp2' is set on object 'Object Repository/LoginPage/input_password'

2018-09-04 07:41:43 - [TEST_STEP][PASSED] - waitForElementClickable: Object 'Object Repository/LoginPage/input_btn submit-btn' is clickable

2018-09-04 07:41:43 - [MESSAGE][PASSED] - Object 'Object Repository/LoginPage/input_btn submit-btn' is clickable

2018-09-04 07:41:43 - [TEST_STEP][PASSED] - click: Object: 'Object Repository/LoginPage/input_btn submit-btn' is clicked on

2018-09-04 07:41:46 - [MESSAGE][PASSED] - Object: 'Object Repository/LoginPage/input_btn submit-btn' is clicked on

2018-09-04 07:41:46 - [TEST_STEP][PASSED] - closeBrowser: Browser is closed

2018-09-04 07:41:47 - [MESSAGE][PASSED] - Browser is closed]]></system-out>
         <system-err><![CDATA[]]></system-err>
      </testcase>
      <system-out><![CDATA[2018-09-04 07:41:27 - [TEST_SUITE][PASSED] - LoginTest1: Test Cases/LoginTest]]></system-out>
      <system-err><![CDATA[]]></system-err>
   </testsuite>
</testsuites>
